
  ___  ____  ____  ____  ____ ©
 /__    /   ____/   /   ____/      17.0
___/   /   /___/   /   /___/       MP—Parallel Edition

 Statistics and Data Science       Copyright 1985-2021 StataCorp LLC
                                   StataCorp
                                   4905 Lakeway Drive
                                   College Station, Texas 77845 USA
                                   800-STATA-PC        https://www.stata.com
                                   979-696-4600        stata@stata.com

Stata license: Unlimited-user 64-core network perpetual
Serial number: 18461036
  Licensed to: TEAM BTCR
               TEAM BTCR

Notes:
      1. Stata is running in batch mode.
      2. Unicode is supported; see help unicode_advice.
      3. More than 2 billion observations are allowed; see help obs_advice.
      4. Maximum number of variables is set to 5,000; see help set_maxvar.

. do "C:\Users\51950\Documents\ULIMA\2026_1\Teo. Politica\Trabajo grupal\Regres
> ion\canal_crediticio.do" 

. /* ============================================================
>    CANAL CREDITICIO DE TRANSMISION DE POLITICA MONETARIA - PERU
>    Tasa de referencia BCRP -> Tasa activa bancaria (TAMN)
>    Teoria y Politica Monetaria | ULIMA 2026-1
>    Stata 17 | Metodologia: ARDL / ECM
>    ============================================================
> 
>    DATOS REQUERIDOS (hoja "datos" del Excel):
>      fecha     -> fecha como tipo fecha en Excel (col A)
>      tasa_ref  -> Tasa referencia BCRP %  [serie PD04722MM]
>      tamn      -> TAMN - Tasa activa MN % [serie PN07807NM]
>      ipc       -> IPC indice base 2009=100 [serie PN01270PM]
>      tc        -> Tipo de cambio venta S/$ [serie PD04638PM]
> 
>    Periodo: enero 2004 - diciembre 2024 (mensual)
>    ============================================================ */
. 
. 
. /* ----------------------------------------------------------
>    0. CONFIGURACION
> ---------------------------------------------------------- */
. 
. clear all

. set more off

. set linesize 120

. 
. * Instalar paquetes (se salta si ya estan instalados)
. cap ssc install ardl,    replace

. cap ssc install estout,  replace

. 
. * Ruta del proyecto
. global ruta   "C:\Users\51950\Documents\ULIMA\2026_1\Teo. Politica\Trabajo grupal\Regresion"

. global datos  "$ruta\datos_canal_crediticio.xlsx"

. global out    "$ruta\output"

. cap mkdir "$out"

. 
. 
. /* ----------------------------------------------------------
>    1. IMPORTAR Y PREPARAR DATOS
> ---------------------------------------------------------- */
. 
. import excel "$datos", sheet("datos") firstrow clear
(5 vars, 264 obs)

. 
. * La columna fecha viene como fecha numerica de Excel -> convertir a mensual
. gen     mes = mofd(fecha)

. format  mes %tm

. tsset   mes, monthly

Time variable: mes, 2004m1 to 2025m12
        Delta: 1 month

. drop    fecha

. 
. * Convertir a numerico por si Excel importo alguna columna como texto
. destring tasa_ref tamn ipc tc, replace force
tasa_ref already numeric; no replace
tamn already numeric; no replace
ipc already numeric; no replace
tc already numeric; no replace

. 
. * Etiquetas
. label var tasa_ref "Tasa referencia BCRP (%)"

. label var tamn     "TAMN - Tasa activa MN (%)"

. label var ipc      "IPC (base 2009=100)"

. label var tc       "Tipo de cambio venta (S/$)"

. 
. * Variables derivadas
. gen inflacion = (ipc / L.ipc - 1) * 100
(49 missing values generated)

. gen brecha    = tamn - tasa_ref

. gen d_tamn    = D.tamn
(1 missing value generated)

. gen d_tasa    = D.tasa_ref
(1 missing value generated)

. 
. label var inflacion "Inflacion mensual (%)"

. label var brecha    "Spread TAMN - Tasa ref (pp)"

. label var d_tamn    "Delta TAMN"

. label var d_tasa    "Delta Tasa referencia"

. 
. display "Datos cargados. Observaciones: " _N
Datos cargados. Observaciones: 264

. list mes tamn tasa_ref in 1/3

     +-------------------------------+
     |    mes        tamn   tasa_ref |
     |-------------------------------|
  1. | 2004m1   23.676494        2.5 |
  2. | 2004m2   24.113038        2.5 |
  3. | 2004m3    24.52871        2.5 |
     +-------------------------------+

. 
. 
. /* ----------------------------------------------------------
>    2. ESTADISTICAS DESCRIPTIVAS
> ---------------------------------------------------------- */
. 
. display _newline "=== ESTADISTICAS DESCRIPTIVAS ==="

=== ESTADISTICAS DESCRIPTIVAS ===

. summarize tasa_ref tamn inflacion tc brecha, detail

                  Tasa referencia BCRP (%)
-------------------------------------------------------------
      Percentiles      Smallest
 1%          .25            .25
 5%          .25            .25
10%         1.25            .25       Obs                 264
25%         2.75            .25       Sum of wgt.         264

50%            4                      Mean           3.804924
                        Largest       Std. dev.      1.702245
75%          4.5           7.75
90%         6.25           7.75       Variance       2.897637
95%            7           7.75       Skewness       .0379978
99%         7.75           7.75       Kurtosis       3.207883

                  TAMN - Tasa activa MN (%)
-------------------------------------------------------------
      Percentiles      Smallest
 1%      10.6816        10.4913
 5%      11.8497        10.5577
10%      12.7823        10.6816       Obs                 264
25%     14.91625         10.683       Sum of wgt.         264

50%     16.45095                      Mean           17.87275
                        Largest       Std. dev.      4.139348
75%     20.63485       25.99187
90%        24.14          26.21       Variance        17.1342
95%     25.01714       26.24429       Skewness       .3881627
99%        26.21       26.27734       Kurtosis        2.13725

                    Inflacion mensual (%)
-------------------------------------------------------------
      Percentiles      Smallest
 1%     -.423338      -.5279518
 5%    -.1972373      -.4692452
10%    -.1120675       -.423338       Obs                 215
25%     .0392608      -.3395764       Sum of wgt.         215

50%     .2095637                      Mean           .2445002
                        Largest       Std. dev.      .2980066
75%      .419225       1.007539
90%     .6125006       1.041851       Variance       .0888079
95%     .7696024       1.086085       Skewness       .4557708
99%     1.041851       1.304558       Kurtosis       3.591772

                 Tipo de cambio venta (S/$)
-------------------------------------------------------------
      Percentiles      Smallest
 1%       2.5789       2.552564
 5%     2.671745       2.566956
10%     2.770238         2.5789       Obs                 264
25%     2.901221       2.588335       Sum of wgt.         264

50%      3.26561                      Mean            3.25263
                        Largest       Std. dev.      .3732754
75%     3.485954       4.021662
90%     3.762095       4.038786       Variance       .1393346
95%     3.847014       4.088895       Skewness        .070831
99%     4.038786       4.108932       Kurtosis       2.188744

                 Spread TAMN - Tasa ref (pp)
-------------------------------------------------------------
      Percentiles      Smallest
 1%       6.6257         6.4406
 5%       7.5168         6.5935
10%       9.1142         6.6257       Obs                 264
25%      11.5615         6.6616       Sum of wgt.         264

50%      12.8228                      Mean           14.06782
                        Largest       Std. dev.      4.197607
75%     17.59694       22.99187
90%        20.28          23.21       Variance       17.61991
95%      22.3343       23.24429       Skewness       .4200503
99%        23.21       23.27734       Kurtosis        2.43091

. 
. * Tabla exportada a Word (requiere estout)
. estpost summarize tasa_ref tamn brecha inflacion tc

             |  e(count)   e(sum_w)    e(mean)     e(Var)      e(sd)     e(min)     e(max)     e(sum) 
-------------+----------------------------------------------------------------------------------------
    tasa_ref |       264        264   3.804924   2.897637   1.702245        .25       7.75     1004.5 
        tamn |       264        264   17.87275    17.1342   4.139348    10.4913   26.27734   4718.406 
      brecha |       264        264   14.06782   17.61991   4.197607     6.4406   23.27734   3713.906 
   inflacion |       215        215   .2445002   .0888079   .2980066  -.5279518   1.304558   52.56754 
          tc |       264        264    3.25263   .1393346   .3732754   2.552564   4.108932   858.6942 

. esttab using "$out\descriptivas.rtf", replace ///
>     cells("mean(fmt(2) label(Media)) sd(fmt(2) label(Desv.Est.)) min(fmt(2) label(Min)) max(fmt(2) label(Max)) count(f
> mt(0) label(Obs))") ///
>     nomtitle nonumber ///
>     title("Estadisticas descriptivas - Canal crediticio Peru 2004-2024")
(output written to C:\Users\51950\Documents\ULIMA\2026_1\Teo. Politica\Trabajo grupal\Regresion\output\descriptivas.rtf)

. 
. 
. /* ----------------------------------------------------------
>    3. GRAFICOS
> ---------------------------------------------------------- */
. 
. * Grafico 1: Series en el tiempo
. twoway (line tamn mes,     lcolor(navy)   lwidth(medthick)) ///
>        (line tasa_ref mes, lcolor(orange) lwidth(medthick) lpattern(dash)), ///
>     title("TAMN vs Tasa de referencia BCRP")       ///
>     ytitle("Tasa de interes (%)") xtitle("")        ///
>     legend(label(1 "TAMN") label(2 "Tasa referencia BCRP") rows(1)) ///
>     scheme(s1color)

. graph export "$out\g1_series.png", replace width(1200)
file C:\Users\51950\Documents\ULIMA\2026_1\Teo. Politica\Trabajo grupal\Regresion\output\g1_series.png saved as PNG
    format

. 
. * Grafico 2: Spread
. twoway line brecha mes, lcolor(cranberry) lwidth(medthick) ///
>     yline(0, lpattern(dash) lcolor(gs10))     ///
>     title("Spread: TAMN - Tasa de referencia BCRP") ///
>     ytitle("Puntos porcentuales") xtitle("")   ///
>     scheme(s1color)

. graph export "$out\g2_spread.png", replace width(1200)
file C:\Users\51950\Documents\ULIMA\2026_1\Teo. Politica\Trabajo grupal\Regresion\output\g2_spread.png saved as PNG
    format

. 
. * Grafico 3: Dispersion
. twoway (scatter tamn tasa_ref, mcolor(navy) msymbol(o) msize(small)) ///
>        (lfit    tamn tasa_ref, lcolor(red)  lwidth(medthick)),        ///
>     title("Relacion TAMN vs Tasa referencia")    ///
>     ytitle("TAMN (%)") xtitle("Tasa referencia BCRP (%)") ///
>     legend(label(1 "Observaciones") label(2 "Ajuste lineal")) ///
>     scheme(s1color)

. graph export "$out\g3_scatter.png", replace width(900)
file C:\Users\51950\Documents\ULIMA\2026_1\Teo. Politica\Trabajo grupal\Regresion\output\g3_scatter.png saved as PNG
    format

. 
. display "Graficos guardados en: $out"
Graficos guardados en: C:\Users\51950\Documents\ULIMA\2026_1\Teo. Politica\Trabajo grupal\Regresion\output

. 
. 
. /* ----------------------------------------------------------
>    4. PRUEBAS DE RAIZ UNITARIA
>    H0: la serie tiene raiz unitaria (no estacionaria)
>    No rechazar H0 en niveles -> I(1)
>    Rechazar H0 en diferencias -> I(0) en diferencias -> confirmado I(1)
> ---------------------------------------------------------- */
. 
. display _newline "=== PRUEBAS DE RAIZ UNITARIA ==="

=== PRUEBAS DE RAIZ UNITARIA ===

. 
. * ADF - niveles
. display _newline "--- ADF en niveles: TAMN ---"

--- ADF en niveles: TAMN ---

. dfuller tamn,     lags(12) regress

Augmented Dickey–Fuller test for unit root

Variable: tamn                            Number of obs  = 251
                                          Number of lags =  12

H0: Random walk without drift, d = 0

                                       Dickey–Fuller
                   Test      -------- critical value ---------
              statistic           1%           5%          10%
--------------------------------------------------------------
 Z(t)            -2.529       -3.460       -2.880       -2.570
--------------------------------------------------------------
MacKinnon approximate p-value for Z(t) = 0.1085.

Regression table
------------------------------------------------------------------------------
      D.tamn | Coefficient  Std. err.      t    P>|t|     [95% conf. interval]
-------------+----------------------------------------------------------------
        tamn |
         L1. |  -.0107818    .004263    -2.53   0.012    -.0191799   -.0023837
         LD. |   .2162672   .0625542     3.46   0.001      .093034    .3395005
        L2D. |   .1266167      .0632     2.00   0.046     .0021111    .2511223
        L3D. |   .0001137   .0630711     0.00   0.999    -.1241378    .1243652
        L4D. |  -.0255298   .0630409    -0.40   0.686    -.1497219    .0986624
        L5D. |   .1229278   .0626027     1.96   0.051     -.000401    .2462567
        L6D. |   .1405738   .0630121     2.23   0.027     .0164385     .264709
        L7D. |   .0184365   .0625223     0.29   0.768    -.1047339    .1416068
        L8D. |  -.0903323   .0617828    -1.46   0.145     -.212046    .0313813
        L9D. |  -.0390281   .0620826    -0.63   0.530    -.1613323    .0832762
       L10D. |   .0204479   .0619954     0.33   0.742    -.1016845    .1425803
       L11D. |  -.1123409   .0615839    -1.82   0.069    -.2336627    .0089809
       L12D. |   .1314509   .0601021     2.19   0.030     .0130482    .2498535
             |
       _cons |   .1674527   .0770364     2.17   0.031     .0156892    .3192163
------------------------------------------------------------------------------

. dfuller tamn,     lags(12) trend

Augmented Dickey–Fuller test for unit root

Variable: tamn                            Number of obs  = 251
                                          Number of lags =  12

H0: Random walk with or without drift

                                       Dickey–Fuller
                   Test      -------- critical value ---------
              statistic           1%           5%          10%
--------------------------------------------------------------
 Z(t)            -2.030       -3.990       -3.430       -3.130
--------------------------------------------------------------
MacKinnon approximate p-value for Z(t) = 0.5849.

. 
. display _newline "--- ADF en niveles: Tasa referencia ---"

--- ADF en niveles: Tasa referencia ---

. dfuller tasa_ref, lags(12) regress

Augmented Dickey–Fuller test for unit root

Variable: tasa_ref                        Number of obs  = 251
                                          Number of lags =  12

H0: Random walk without drift, d = 0

                                       Dickey–Fuller
                   Test      -------- critical value ---------
              statistic           1%           5%          10%
--------------------------------------------------------------
 Z(t)            -3.061       -3.460       -2.880       -2.570
--------------------------------------------------------------
MacKinnon approximate p-value for Z(t) = 0.0295.

Regression table
------------------------------------------------------------------------------
  D.tasa_ref | Coefficient  Std. err.      t    P>|t|     [95% conf. interval]
-------------+----------------------------------------------------------------
    tasa_ref |
         L1. |  -.0223272   .0072932    -3.06   0.002    -.0366949   -.0079595
         LD. |   .6365674   .0638209     9.97   0.000     .5108386    .7622962
        L2D. |   .1070779   .0759944     1.41   0.160    -.0426329    .2567886
        L3D. |  -.0406162   .0761681    -0.53   0.594    -.1906692    .1094369
        L4D. |   .1738681   .0759822     2.29   0.023     .0241812    .3235549
        L5D. |  -.1520328   .0763857    -1.99   0.048    -.3025145   -.0015511
        L6D. |   .0570218   .0765268     0.75   0.457    -.0937378    .2077815
        L7D. |   .0332502     .07655     0.43   0.664    -.1175551    .1840555
        L8D. |    .093935   .0762319     1.23   0.219    -.0562438    .2441137
        L9D. |  -.0373103   .0760718    -0.49   0.624    -.1871736     .112553
       L10D. |  -.0451766   .0759954    -0.59   0.553    -.1948895    .1045362
       L11D. |   .0418072   .0757853     0.55   0.582    -.1074917     .191106
       L12D. |  -.0310256   .0650387    -0.48   0.634    -.1591534    .0971021
             |
       _cons |   .0865677   .0294409     2.94   0.004     .0285684    .1445669
------------------------------------------------------------------------------

. dfuller tasa_ref, lags(12) trend

Augmented Dickey–Fuller test for unit root

Variable: tasa_ref                        Number of obs  = 251
                                          Number of lags =  12

H0: Random walk with or without drift

                                       Dickey–Fuller
                   Test      -------- critical value ---------
              statistic           1%           5%          10%
--------------------------------------------------------------
 Z(t)            -3.063       -3.990       -3.430       -3.130
--------------------------------------------------------------
MacKinnon approximate p-value for Z(t) = 0.1153.

. 
. * Phillips-Perron - niveles
. display _newline "--- Phillips-Perron en niveles ---"

--- Phillips-Perron en niveles ---

. pperron tamn,     lags(6)

Phillips–Perron test for unit root       Number of obs   = 263
Variable: tamn                           Newey–West lags =   6

H0: Random walk without drift, d = 0

                                       Dickey–Fuller
                   Test      -------- critical value ---------
              statistic           1%           5%          10%
--------------------------------------------------------------
 Z(rho)          -2.227      -20.310      -14.000      -11.200
 Z(t)            -1.351       -3.459       -2.879       -2.570
--------------------------------------------------------------
MacKinnon approximate p-value for Z(t) = 0.6053.

. pperron tasa_ref, lags(6)

Phillips–Perron test for unit root       Number of obs   = 263
Variable: tasa_ref                       Newey–West lags =   6

H0: Random walk without drift, d = 0

                                       Dickey–Fuller
                   Test      -------- critical value ---------
              statistic           1%           5%          10%
--------------------------------------------------------------
 Z(rho)         -10.327      -20.310      -14.000      -11.200
 Z(t)            -2.301       -3.459       -2.879       -2.570
--------------------------------------------------------------
MacKinnon approximate p-value for Z(t) = 0.1717.

. 
. * ADF - primeras diferencias
. display _newline "--- ADF en primeras diferencias ---"

--- ADF en primeras diferencias ---

. dfuller d_tamn, lags(12)

Augmented Dickey–Fuller test for unit root

Variable: d_tamn                          Number of obs  = 250
                                          Number of lags =  12

H0: Random walk without drift, d = 0

                                       Dickey–Fuller
                   Test      -------- critical value ---------
              statistic           1%           5%          10%
--------------------------------------------------------------
 Z(t)            -4.053       -3.460       -2.880       -2.570
--------------------------------------------------------------
MacKinnon approximate p-value for Z(t) = 0.0012.

. dfuller d_tasa, lags(12)

Augmented Dickey–Fuller test for unit root

Variable: d_tasa                          Number of obs  = 250
                                          Number of lags =  12

H0: Random walk without drift, d = 0

                                       Dickey–Fuller
                   Test      -------- critical value ---------
              statistic           1%           5%          10%
--------------------------------------------------------------
 Z(t)            -4.434       -3.460       -2.880       -2.570
--------------------------------------------------------------
MacKinnon approximate p-value for Z(t) = 0.0003.

. 
. 
. /* ----------------------------------------------------------
>    5. SELECCION DE REZAGOS
>    Usar el rezago marcado con * en la columna SBIC
> ---------------------------------------------------------- */
. 
. display _newline "=== SELECCION DE REZAGOS (varsoc) ==="

=== SELECCION DE REZAGOS (varsoc) ===

. varsoc tamn tasa_ref, maxlag(12)

Lag-order selection criteria

   Sample: 2005m1 thru 2025m12                             Number of obs = 252
  +---------------------------------------------------------------------------+
  | Lag |    LL      LR      df    p     FPE       AIC      HQIC      SBIC    |
  |-----+---------------------------------------------------------------------|
  |   0 | -1190.01                     44.0213   9.46043    9.4717   9.48844  |
  |   1 | -15.2541  2349.5    4  0.000 .004058   .168684   .202497   .252718  |
  |   2 |  91.4755  213.46    4  0.000 .001796  -.646631  -.590275* -.506574* |
  |   3 |  95.5762  8.2014    4  0.084 .001794*  -.64743* -.568532  -.451351  |
  |   4 |  98.4919  5.8314    4  0.212  .00181  -.638825  -.537384  -.386723  |
  |   5 |  101.646   6.308    4  0.177 .001822  -.632111  -.508127  -.323986  |
  |   6 |  105.198  7.1045    4  0.130 .001829  -.628557  -.482032  -.264409  |
  |   7 |  109.752   9.108    4  0.058 .001821  -.632954  -.463886  -.212784  |
  |   8 |  111.059  2.6141    4  0.624  .00186  -.611581  -.419971  -.135389  |
  |   9 |  113.633  5.1465    4  0.273 .001882  -.600258  -.386106  -.068043  |
  |  10 |  115.101  2.9375    4  0.568 .001921  -.580169  -.343474   .008069  |
  |  11 |    117.2  4.1978    4  0.380  .00195  -.565081  -.305844    .07918  |
  |  12 |  123.427  12.454*   4  0.014 .001917  -.582757  -.300978   .117526  |
  +---------------------------------------------------------------------------+
   * optimal lag
   Endogenous: tamn tasa_ref
    Exogenous: _cons

. 
. 
. /* ----------------------------------------------------------
>    6. MODELO ARDL + BOUNDS TEST
>    Cointegración de Pesaran, Shin & Smith (2001)
>    H0: no existe relacion de largo plazo (no cointegración)
>    Rechazar H0 si F-stat > valor critico I(1) al 5%
> ---------------------------------------------------------- */
. 
. display _newline "=== ARDL - BOUNDS TEST ==="

=== ARDL - BOUNDS TEST ===

. 
. * Estimacion ARDL con seleccion automatica de rezagos por AIC
. ardl tamn tasa_ref, maxlags(6 6) aic ec

ARDL(2,2) regression

Sample:  2004m7 thru 2025m12                            Number of obs =    258
                                                        R-squared     = 0.1911
                                                        Adj R-squared = 0.1750
Log likelihood = -23.067802                             Root MSE      = 0.2677

------------------------------------------------------------------------------
      D.tamn | Coefficient  Std. err.      t    P>|t|     [95% conf. interval]
-------------+----------------------------------------------------------------
ADJ          |
        tamn |
         L1. |  -.0090057   .0041841    -2.15   0.032    -.0172459   -.0007655
-------------+----------------------------------------------------------------
LR           |
    tasa_ref |   3.223558   1.691009     1.91   0.058     -.106753    6.553869
-------------+----------------------------------------------------------------
SR           |
        tamn |
         LD. |   .1707798   .0600836     2.84   0.005     .0524499    .2891098
             |
    tasa_ref |
         D1. |   .1902363   .1047905     1.82   0.071    -.0161404     .396613
         LD. |   .1712414   .1078542     1.59   0.114    -.0411692    .3836519
             |
       _cons |   .0163118   .0786966     0.21   0.836     -.138675    .1712986
------------------------------------------------------------------------------

. 
. * Guardar y exportar coeficientes
. estimates store ardl_modelo

. esttab ardl_modelo using "$out\ardl_resultados.rtf", replace ///
>     star(* 0.10 ** 0.05 *** 0.01) b(3) se(3) ///
>     title("Modelo ARDL - Canal crediticio Peru")
(output written to C:\Users\51950\Documents\ULIMA\2026_1\Teo. Politica\Trabajo grupal\Regresion\output\ardl_resultados.r
> tf)

. 
. * Bounds test de cointegración
. estat btest

note: estat btest has been superseded by estat ectest
      as the prime procedure to test for a levels relationship.
      (click to run)

Pesaran/Shin/Smith (2001) ARDL Bounds Test
H0: no levels relationship             F =  5.240
                                       t = -2.152

Critical Values (0.1-0.01), F-statistic, Case 3

      | [I_0]   [I_1]  | [I_0]   [I_1]  | [I_0]   [I_1]  | [I_0]   [I_1] 
      |    L_1     L_1 |   L_05    L_05 |  L_025   L_025 |   L_01    L_01
------+----------------+----------------+----------------+---------------
  k_1 |   4.04    4.78 |   4.94    5.73 |   5.77    6.68 |   6.84    7.84
accept if F < critical value for I(0) regressors
reject if F > critical value for I(1) regressors

Critical Values (0.1-0.01), t-statistic, Case 3

      | [I_0]   [I_1]  | [I_0]   [I_1]  | [I_0]   [I_1]  | [I_0]   [I_1] 
      |    L_1     L_1 |   L_05    L_05 |  L_025   L_025 |   L_01    L_01
------+----------------+----------------+----------------+---------------
  k_1 |  -2.57   -2.91 |  -2.86   -3.22 |  -3.13   -3.50 |  -3.43   -3.82
accept if t > critical value for I(0) regressors
reject if t < critical value for I(1) regressors

k: # of non-deterministic regressors in long-run relationship
Critical values from Pesaran/Shin/Smith (2001)

. 
. 
. /* ----------------------------------------------------------
>    7. MODELO ECM (CORRECCION DE ERROR)
>    Separa el efecto de corto y largo plazo
>    Lambda (coef de ECT_L1) debe ser < 0 y significativo
> ---------------------------------------------------------- */
. 
. display _newline "=== MODELO ECM ==="

=== MODELO ECM ===

. 
. * Paso 1: Relación de largo plazo (OLS en niveles)
. reg tamn tasa_ref

      Source |       SS           df       MS      Number of obs   =       264
-------------+----------------------------------   F(1, 262)       =      7.91
       Model |  132.002195         1  132.002195   Prob > F        =    0.0053
    Residual |  4374.29278       262   16.695774   R-squared       =    0.0293
-------------+----------------------------------   Adj R-squared   =    0.0256
       Total |  4506.29497       263  17.1342014   Root MSE        =     4.086

------------------------------------------------------------------------------
        tamn | Coefficient  Std. err.      t    P>|t|     [95% conf. interval]
-------------+----------------------------------------------------------------
    tasa_ref |   .4161891   .1480142     2.81   0.005     .1247403    .7076379
       _cons |   16.28918   .6167791    26.41   0.000     15.07471    17.50366
------------------------------------------------------------------------------

. predict ect, residuals

. label var ect "Error correction term (ECT)"

. 
. * Paso 2: Verificar que el ECT sea estacionario (I(0))
. display _newline "--- ADF sobre el ECT (debe rechazar H0) ---"

--- ADF sobre el ECT (debe rechazar H0) ---

. dfuller ect, lags(4) noconstant

Augmented Dickey–Fuller test for unit root

Variable: ect                             Number of obs  = 259
                                          Number of lags =   4

H0: Random walk without drift, a = 0, d = 0

                                       Dickey–Fuller
                   Test      -------- critical value ---------
              statistic           1%           5%          10%
--------------------------------------------------------------
 Z(t)            -1.691       -2.580       -1.950       -1.620
--------------------------------------------------------------

. 
. * Paso 3: ECM - efecto de corto plazo + velocidad de ajuste
. reg d_tamn d_tasa L.d_tasa L.d_tamn L.ect, robust

Linear regression                               Number of obs     =        262
                                                F(4, 257)         =       7.29
                                                Prob > F          =     0.0000
                                                R-squared         =     0.1623
                                                Root MSE          =     .27462

------------------------------------------------------------------------------
             |               Robust
      d_tamn | Coefficient  std. err.      t    P>|t|     [95% conf. interval]
-------------+----------------------------------------------------------------
      d_tasa |
         --. |    .174015   .1098253     1.58   0.114    -.0422571     .390287
         L1. |   .2034128   .1007461     2.02   0.045     .0050198    .4018058
             |
      d_tamn |
         L1. |   .2071167   .0787176     2.63   0.009      .052103    .3621303
             |
         ect |
         L1. |  -.0067389   .0048724    -1.38   0.168    -.0163338     .002856
             |
       _cons |  -.0277572   .0169668    -1.64   0.103    -.0611688    .0056544
------------------------------------------------------------------------------

. estimates store ecm_modelo

. 
. esttab ecm_modelo using "$out\ecm_resultados.rtf", replace ///
>     star(* 0.10 ** 0.05 *** 0.01) b(3) se(3) ///
>     title("ECM - Pass-through de corto plazo")  ///
>     mtitle("Delta TAMN")
(file C:\Users\51950\Documents\ULIMA\2026_1\Teo. Politica\Trabajo grupal\Regresion\output\ecm_resultados.rtf not
    found)
(output written to C:\Users\51950\Documents\ULIMA\2026_1\Teo. Politica\Trabajo grupal\Regresion\output\ecm_resultados.rt
> f)

. 
. * Paso 4: Pass-through de largo plazo
. reg tamn tasa_ref

      Source |       SS           df       MS      Number of obs   =       264
-------------+----------------------------------   F(1, 262)       =      7.91
       Model |  132.002195         1  132.002195   Prob > F        =    0.0053
    Residual |  4374.29278       262   16.695774   R-squared       =    0.0293
-------------+----------------------------------   Adj R-squared   =    0.0256
       Total |  4506.29497       263  17.1342014   Root MSE        =     4.086

------------------------------------------------------------------------------
        tamn | Coefficient  Std. err.      t    P>|t|     [95% conf. interval]
-------------+----------------------------------------------------------------
    tasa_ref |   .4161891   .1480142     2.81   0.005     .1247403    .7076379
       _cons |   16.28918   .6167791    26.41   0.000     15.07471    17.50366
------------------------------------------------------------------------------

. display _newline "Pass-through de largo plazo = " _b[tasa_ref]

Pass-through de largo plazo = .41618909

. display "(1.0 = traspaso completo | <1 = incompleto | >1 = mas que proporcional)"
(1.0 = traspaso completo | <1 = incompleto | >1 = mas que proporcional)

. 
. 
. /* ----------------------------------------------------------
>    8. DIAGNOSTICOS DEL ECM
>    H0 en todos: no hay problema
>    p > 0.05 = ok
> ---------------------------------------------------------- */
. 
. display _newline "=== DIAGNOSTICOS ==="

=== DIAGNOSTICOS ===

. 
. quietly reg d_tamn d_tasa L.d_tasa L.d_tamn L.ect

. 
. * Autocorrelacion (Breusch-Godfrey)
. display "--- Autocorrelacion (Breusch-Godfrey) ---"
--- Autocorrelacion (Breusch-Godfrey) ---

. estat bgodfrey, lags(1 2 3 6 12)

Breusch–Godfrey LM test for autocorrelation
---------------------------------------------------------------------------
    lags(p)  |          chi2               df                 Prob > chi2
-------------+-------------------------------------------------------------
       1     |          0.896               1                   0.3438
       2     |          0.926               2                   0.6293
       3     |          1.022               3                   0.7959
       6     |         11.725               6                   0.0684
      12     |         25.848              12                   0.0113
---------------------------------------------------------------------------
                        H0: no serial correlation

. 
. * Heterocedasticidad (White)
. display "--- Heterocedasticidad (White) ---"
--- Heterocedasticidad (White) ---

. estat imtest, white

White's test
H0: Homoskedasticity
Ha: Unrestricted heteroskedasticity

   chi2(14) =  36.57
Prob > chi2 = 0.0009

Cameron & Trivedi's decomposition of IM-test

--------------------------------------------------
              Source |       chi2     df         p
---------------------+----------------------------
  Heteroskedasticity |      36.57     14    0.0009
            Skewness |       5.04      4    0.2827
            Kurtosis |      14.21      1    0.0002
---------------------+----------------------------
               Total |      55.83     19    0.0000
--------------------------------------------------

. 
. * Normalidad de residuos
. predict res_ecm, residuals
(2 missing values generated)

. display "--- Normalidad de residuos (Shapiro-Wilk) ---"
--- Normalidad de residuos (Shapiro-Wilk) ---

. swilk res_ecm

                   Shapiro–Wilk W test for normal data

    Variable |        Obs       W           V         z       Prob>z
-------------+------------------------------------------------------
     res_ecm |        262    0.94091     11.169     5.627    0.00000

. 
. 
. /* ----------------------------------------------------------
>    9. FUNCION IMPULSO-RESPUESTA (VAR)
>    Ordenamiento Cholesky: tasa_ref primero (exogena)
>    -> tasa_ref afecta a tamn en t, pero tamn no afecta
>       a tasa_ref en el mismo periodo
> ---------------------------------------------------------- */
. 
. display _newline "=== FUNCION IMPULSO-RESPUESTA ==="

=== FUNCION IMPULSO-RESPUESTA ===

. 
. * VAR con ordenamiento correcto: tasa_ref -> tamn
. var tasa_ref tamn, lags(1/2)

Vector autoregression

Sample: 2004m3 thru 2025m12                     Number of obs     =        262
Log likelihood =   86.78956                     AIC               =  -.5861799
FPE            =   .0019076                     HQIC              =  -.5314396
Det(Sigma_ml)  =   .0017674                     SBIC              =  -.4499835

Equation           Parms      RMSE     R-sq      chi2     P>chi2
----------------------------------------------------------------
tasa_ref              5     .157529   0.9916   30904.38   0.0000
tamn                  5     .274169   0.9956   59861.21   0.0000
----------------------------------------------------------------

------------------------------------------------------------------------------
             | Coefficient  Std. err.      z    P>|z|     [95% conf. interval]
-------------+----------------------------------------------------------------
tasa_ref     |
    tasa_ref |
         L1. |   1.712007   .0441792    38.75   0.000     1.625417    1.798597
         L2. |  -.7281487   .0438647   -16.60   0.000    -.8141221   -.6421754
             |
        tamn |
         L1. |   .0106653   .0345875     0.31   0.758    -.0571249    .0784555
         L2. |  -.0115128    .034443    -0.33   0.738    -.0790197    .0559942
             |
       _cons |   .0787701   .0453621     1.74   0.082    -.0101379    .1676781
-------------+----------------------------------------------------------------
tamn         |
    tasa_ref |
         L1. |   .3513914   .0768909     4.57   0.000      .200688    .5020947
         L2. |  -.3295312   .0763436    -4.32   0.000    -.4791618   -.1799005
             |
        tamn |
         L1. |   1.178007   .0601971    19.57   0.000     1.060022    1.295991
         L2. |  -.1850179   .0599456    -3.09   0.002    -.3025091   -.0675267
             |
       _cons |   .0139639   .0789496     0.18   0.860    -.1407744    .1687022
------------------------------------------------------------------------------

. 
. * Crear IRF (carpeta output)
. irf create irf1, step(18) set("$out\irf_canal") replace
(file C:\Users\51950\Documents\ULIMA\2026_1\Teo. Politica\Trabajo grupal\Regresion\output\irf_canal.irf created)
(file C:\Users\51950\Documents\ULIMA\2026_1\Teo. Politica\Trabajo grupal\Regresion\output\irf_canal.irf now active)
irfname irf1 not found in C:\Users\51950\Documents\ULIMA\2026_1\Teo. Politica\Trabajo grupal\Regresion\output\irf_canal.
> irf
(file C:\Users\51950\Documents\ULIMA\2026_1\Teo. Politica\Trabajo grupal\Regresion\output\irf_canal.irf updated)

. 
. * Grafico de la IRF
. irf graph oirf, impulse(tasa_ref) response(tamn) ///
>     yline(0, lpattern(dash) lcolor(gs10))          ///
>     title("IRF: Respuesta de TAMN ante shock en Tasa Referencia") ///
>     ytitle("Puntos porcentuales") xtitle("Meses")  ///
>     scheme(s1color)

. graph export "$out\g4_irf.png", replace width(1200)
file C:\Users\51950\Documents\ULIMA\2026_1\Teo. Politica\Trabajo grupal\Regresion\output\g4_irf.png saved as PNG
    format

. 
. * Tabla de valores de la IRF
. irf table oirf, impulse(tasa_ref) response(tamn) noci

Results from irf1

---------------------
         |      (1)  
    Step |     oirf  
---------+-----------
       0 |  .033587
       1 |   .09439
       2 |  .147549
       3 |  .189412
       4 |  .221401
       5 |  .245424
       6 |  .263138
       7 |  .275886
       8 |  .284737
       9 |  .290542
      10 |  .293974
      11 |  .295569
      12 |  .295747
      13 |  .294843
      14 |  .293119
      15 |  .290782
      16 |  .287994
      17 |  .284882
      18 |  .281545
---------------------
(1) irfname = irf1, impulse = tasa_ref, and response = tamn.

. 
. 
. /* ----------------------------------------------------------
>    10. RESUMEN FINAL
> ---------------------------------------------------------- */
. 
. display _newline _newline




. display "============================================"
============================================

. display "  RESULTADOS CLAVE - CANAL CREDITICIO PERU"
  RESULTADOS CLAVE - CANAL CREDITICIO PERU

. display "============================================"
============================================

. display ""


. display "  Var. dependiente : TAMN (tasa activa MN)"
  Var. dependiente : TAMN (tasa activa MN)

. display "  Var. independiente: Tasa de referencia BCRP"
  Var. independiente: Tasa de referencia BCRP

. display "  Periodo           : ene-2004 a dic-2024"
  Periodo           : ene-2004 a dic-2024

. display "  Metodologia       : ARDL / ECM"
  Metodologia       : ARDL / ECM

. display ""


. display "  QUE REVISAR:"
  QUE REVISAR:

. display "  [1] Raiz unitaria -> ADF/PP: NO rechazar H0 en niveles"
  [1] Raiz unitaria -> ADF/PP: NO rechazar H0 en niveles

. display "  [2] Bounds test   -> F-stat > valor critico I(1) al 5%"
  [2] Bounds test   -> F-stat > valor critico I(1) al 5%

. display "  [3] ECT (lambda)  -> coef de L.ect: negativo y sig."
  [3] ECT (lambda)  -> coef de L.ect: negativo y sig.

. display "  [4] Pass-through CP -> coef de d_tasa en el ECM"
  [4] Pass-through CP -> coef de d_tasa en el ECM

. display "  [5] Pass-through LP -> coef de tasa_ref en la reg. de niveles"
  [5] Pass-through LP -> coef de tasa_ref en la reg. de niveles

. display "  [6] Diagnostico   -> Breusch-Godfrey y White: p > 0.05"
  [6] Diagnostico   -> Breusch-Godfrey y White: p > 0.05

. display ""


. display "  Archivos en: $out"
  Archivos en: C:\Users\51950\Documents\ULIMA\2026_1\Teo. Politica\Trabajo grupal\Regresion\output

. display "============================================"
============================================

. 
end of do-file
